transaction start
2022-09-16 17:15:58.907826
{'parameters': {'accert': '29-12-06', 'acqid': 'twocan', 'acqn': 'ÂÒÁ (ÏÀÎ)ÎÎÎ "Àëüìà Âåíäèíã"', 'app': '1.2.0', 'asca': '19-01-22', 'ashost': 'https://processing.i-box.ru/AQSIHandler.ashx?mode=strict', 'cccert': '29-12-06', 'cconf': '21081700', 'chip': 'enabled', 'cs-main-host': 'https://aqsi.ru:8002/tms', 'cs-mirror-host': '', 'csca': '28-08-06', 'cshost': 'https://aqsi.ru:8002/tms', 'devid': 'CUBE-2001584729000267', 'econf': '20072000', 'emv': '1.1.0', 'firmware-boot': '1.0.1', 'firmware-lib': '1.0.1', 'firmware-mcu': '1.0.1', 'iv': '20040101', 'kccert': '29-12-06', 'kconf': '20030200', 'ks-main-host': '', 'ks-mirror-host': '', 'ksca': 'none', 'kshost': '', 'mcu': '1.0.1', 'mid': '240200768      ', 'mstr': 'enabled', 'ncconf': 'common_config_aqsi_cube', 'neconf': 'twocan_aqsi_emv_cube', 'nkconf': 'keys_ca_database_cube', 'ntconf': '2can_cube', 'os': '1.0.1', 'picc': 'enabled', 'sdk': '1.0.1', 'sn': '2001584729000267', 'tconf': '21122102', 'tid': 'S0040045'}, 'reply': 'getparameters', 'status': 'ok'}
transaction end 
transaction start
2022-09-16 17:15:59.031068
{'message': 'keepalive'}
transaction end 
transaction start
2022-09-16 17:19:27.703361
{'parameters': {'accert': '29-12-06', 'acqid': 'twocan', 'acqn': 'ÂÒÁ (ÏÀÎ)ÎÎÎ "Àëüìà Âåíäèíã"', 'app': '1.2.0', 'asca': '19-01-22', 'ashost': 'https://processing.i-box.ru/AQSIHandler.ashx?mode=strict', 'cccert': '29-12-06', 'cconf': '21081700', 'chip': 'enabled', 'cs-main-host': 'https://aqsi.ru:8002/tms', 'cs-mirror-host': '', 'csca': '28-08-06', 'cshost': 'https://aqsi.ru:8002/tms', 'devid': 'CUBE-2001584729000267', 'econf': '20072000', 'emv': '1.1.0', 'firmware-boot': '1.0.1', 'firmware-lib': '1.0.1', 'firmware-mcu': '1.0.1', 'iv': '20040101', 'kccert': '29-12-06', 'kconf': '20030200', 'ks-main-host': '', 'ks-mirror-host': '', 'ksca': 'none', 'kshost': '', 'mcu': '1.0.1', 'mid': '240200768      ', 'mstr': 'enabled', 'ncconf': 'common_config_aqsi_cube', 'neconf': 'twocan_aqsi_emv_cube', 'nkconf': 'keys_ca_database_cube', 'ntconf': '2can_cube', 'os': '1.0.1', 'picc': 'enabled', 'sdk': '1.0.1', 'sn': '2001584729000267', 'tconf': '21122102', 'tid': 'S0040045'}, 'reply': 'getparameters', 'status': 'ok'}
transaction end 
transaction start
2022-09-16 17:19:27.806831
{'message': 'keepalive'}
transaction end 
transaction start
2022-09-16 17:19:31.868104
{'message': 'keepalive'}
transaction end 
transaction start
2022-09-16 17:19:32.878528
{'message': 'keepalive'}
transaction end 
transaction start
2022-09-16 17:19:33.894638
{'message': 'keepalive'}
transaction end 
transaction start
2022-09-16 17:19:34.892326
{'message': 'keepalive'}
transaction end 
transaction start
2022-09-16 17:19:35.901065
{'message': 'keepalive'}
transaction end 
transaction start
2022-09-16 17:19:36.922374
{'message': 'keepalive'}
transaction end 
transaction start
2022-09-16 17:19:37.925763
{'message': 'keepalive'}
transaction end 
transaction start
2022-09-16 17:19:38.943748
{'message': 'keepalive'}
transaction end 
transaction start
2022-09-16 17:19:39.947191
{'message': 'keepalive'}
transaction end 
transaction start
2022-09-16 17:19:40.965480
{'message': 'keepalive'}
transaction end 
transaction start
2022-09-16 17:19:41.969868
{'message': 'keepalive'}
transaction end 
transaction start
2022-09-16 17:19:42.972925
{'message': 'keepalive'}
transaction end 
transaction start
2022-09-16 17:19:43.975647
{'message': 'keepalive'}
transaction end 
transaction start
2022-09-16 17:19:45.002922
{'message': 'keepalive'}
transaction end 
transaction start
2022-09-16 17:19:45.999650
{'message': 'keepalive'}
transaction end 
transaction start
2022-09-16 17:19:47.017404
{'message': 'keepalive'}
transaction end 
transaction start
2022-09-16 17:19:48.021697
{'message': 'keepalive'}
transaction end 
transaction start
2022-09-16 17:19:49.040831
{'message': 'keepalive'}
transaction end 
transaction start
2022-09-16 17:19:50.043111
{'message': 'keepalive'}
transaction end 
transaction start
2022-09-16 17:19:51.048826
{'message': 'keepalive'}
transaction end 
transaction start
2022-09-16 17:19:52.050465
{'message': 'keepalive'}
transaction end 
transaction start
2022-09-16 17:19:53.077582
{'message': 'keepalive'}
transaction end 
transaction start
2022-09-16 17:19:54.075502
{'message': 'keepalive'}
transaction end 
transaction start
2022-09-16 17:19:55.074062
{'message': 'keepalive'}
transaction end 
transaction start
2022-09-16 17:19:56.097758
{'message': 'keepalive'}
transaction end 
transaction start
2022-09-16 17:19:57.099209
{'message': 'keepalive'}
transaction end 
transaction start
2022-09-16 17:19:58.118030
{'message': 'keepalive'}
transaction end 
transaction start
2022-09-16 17:19:59.121584
{'message': 'keepalive'}
transaction end 
transaction start
2022-09-16 17:20:00.130667
{'message': 'keepalive'}
transaction end 
transaction start
2022-09-16 17:20:01.149357
{'message': 'keepalive'}
transaction end 
transaction start
2022-09-16 17:20:02.150745
{'message': 'keepalive'}
transaction end 
transaction start
2022-09-16 17:20:03.168548
{'message': 'keepalive'}
transaction end 
transaction start
2022-09-16 17:20:04.154030
{'message': 'keepalive'}
transaction end 
transaction start
2022-09-16 17:20:05.184072
{'message': 'keepalive'}
transaction end 
transaction start
2022-09-16 17:20:06.193503
{'message': 'keepalive'}
transaction end 
transaction start
2022-09-16 17:20:07.196596
{'message': 'keepalive'}
transaction end 
transaction start
2022-09-16 17:20:08.199844
{'message': 'keepalive'}
transaction end 
transaction start
2022-09-16 17:20:09.218762
{'message': 'keepalive'}
transaction end 
transaction start
2022-09-16 17:20:10.211405
{'message': 'keepalive'}
transaction end 
transaction start
2022-09-16 17:20:11.225783
{'message': 'keepalive'}
transaction end 
transaction start
2022-09-16 17:20:12.229967
{'message': 'keepalive'}
transaction end 
transaction start
2022-09-16 17:20:13.232447
{'message': 'keepalive'}
transaction end 
transaction start
2022-09-16 17:20:14.259053
{'message': 'keepalive'}
transaction end 
transaction start
2022-09-16 17:20:15.259631
{'message': 'keepalive'}
transaction end 
transaction start
2022-09-16 17:20:16.278868
{'message': 'keepalive'}
transaction end 
transaction start
2022-09-16 17:20:17.286472
{'message': 'keepalive'}
transaction end 
transaction start
2022-09-16 17:20:18.281765
{'message': 'keepalive'}
transaction end 
transaction start
2022-09-16 17:20:19.300222
{'message': 'keepalive'}
transaction end 
transaction start
2022-09-16 17:20:20.304394
{'message': 'keepalive'}
transaction end 
transaction start
2022-09-16 17:20:21.308790
{'message': 'keepalive'}
transaction end 
transaction start
2022-09-16 17:20:22.311040
{'message': 'keepalive'}
transaction end 
transaction start
2022-09-16 17:20:23.328990
{'message': 'keepalive'}
transaction end 
transaction start
2022-09-16 17:20:24.346795
{'message': 'keepalive'}
transaction end 
transaction start
2022-09-16 17:20:25.354586
{'message': 'keepalive'}
transaction end 
transaction start
2022-09-16 17:20:26.341227
{'message': 'keepalive'}
transaction end 
transaction start
2022-09-16 17:20:27.359574
{'message': 'keepalive'}
transaction end 
